{"C:\\Users\\victo\\Documents\\bootcamp\\appgobarber\\src\\components\\Button\\index.tsx": {"path":"C:\\Users\\victo\\Documents\\bootcamp\\appgobarber\\src\\components\\Button\\index.tsx","statementMap":{"0":{"start":{"line":10,"column":38},"end":{"line":14,"column":1}},"1":{"start":{"line":11,"column":4},"end":{"line":13,"column":16}}},"fnMap":{"0":{"name":"(anonymous_0)","decl":{"start":{"line":10,"column":38},"end":{"line":10,"column":39}},"loc":{"start":{"line":11,"column":4},"end":{"line":13,"column":16}},"line":11}},"branchMap":{},"s":{"0":0,"1":0},"f":{"0":0},"b":{}}
,"C:\\Users\\victo\\Documents\\bootcamp\\appgobarber\\src\\components\\Input\\index.tsx": {"path":"C:\\Users\\victo\\Documents\\bootcamp\\appgobarber\\src\\components\\Input\\index.tsx","statementMap":{"0":{"start":{"line":28,"column":68},"end":{"line":92,"column":1}},"1":{"start":{"line":32,"column":28},"end":{"line":32,"column":45}},"2":{"start":{"line":34,"column":67},"end":{"line":34,"column":81}},"3":{"start":{"line":35,"column":26},"end":{"line":35,"column":78}},"4":{"start":{"line":37,"column":38},"end":{"line":37,"column":53}},"5":{"start":{"line":38,"column":36},"end":{"line":38,"column":51}},"6":{"start":{"line":40,"column":28},"end":{"line":44,"column":10}},"7":{"start":{"line":41,"column":8},"end":{"line":41,"column":28}},"8":{"start":{"line":43,"column":8},"end":{"line":43,"column":51}},"9":{"start":{"line":46,"column":29},"end":{"line":48,"column":10}},"10":{"start":{"line":47,"column":8},"end":{"line":47,"column":27}},"11":{"start":{"line":50,"column":4},"end":{"line":54,"column":8}},"12":{"start":{"line":50,"column":36},"end":{"line":54,"column":5}},"13":{"start":{"line":52,"column":12},"end":{"line":52,"column":44}},"14":{"start":{"line":56,"column":4},"end":{"line":70,"column":35}},"15":{"start":{"line":57,"column":8},"end":{"line":69,"column":10}},"16":{"start":{"line":62,"column":16},"end":{"line":62,"column":52}},"17":{"start":{"line":63,"column":16},"end":{"line":63,"column":72}},"18":{"start":{"line":66,"column":16},"end":{"line":66,"column":49}},"19":{"start":{"line":67,"column":16},"end":{"line":67,"column":48}},"20":{"start":{"line":72,"column":4},"end":{"line":91,"column":22}},"21":{"start":{"line":87,"column":20},"end":{"line":87,"column":56}}},"fnMap":{"0":{"name":"(anonymous_0)","decl":{"start":{"line":28,"column":68},"end":{"line":28,"column":69}},"loc":{"start":{"line":31,"column":5},"end":{"line":92,"column":1}},"line":31},"1":{"name":"(anonymous_1)","decl":{"start":{"line":40,"column":40},"end":{"line":40,"column":41}},"loc":{"start":{"line":40,"column":46},"end":{"line":44,"column":5}},"line":40},"2":{"name":"(anonymous_2)","decl":{"start":{"line":46,"column":41},"end":{"line":46,"column":42}},"loc":{"start":{"line":46,"column":47},"end":{"line":48,"column":5}},"line":46},"3":{"name":"(anonymous_3)","decl":{"start":{"line":50,"column":29},"end":{"line":50,"column":30}},"loc":{"start":{"line":50,"column":36},"end":{"line":54,"column":5}},"line":50},"4":{"name":"(anonymous_4)","decl":{"start":{"line":51,"column":8},"end":{"line":51,"column":9}},"loc":{"start":{"line":51,"column":16},"end":{"line":53,"column":9}},"line":51},"5":{"name":"(anonymous_5)","decl":{"start":{"line":56,"column":14},"end":{"line":56,"column":15}},"loc":{"start":{"line":56,"column":20},"end":{"line":70,"column":5}},"line":56},"6":{"name":"(anonymous_6)","decl":{"start":{"line":61,"column":12},"end":{"line":61,"column":13}},"loc":{"start":{"line":61,"column":38},"end":{"line":64,"column":13}},"line":61},"7":{"name":"(anonymous_7)","decl":{"start":{"line":65,"column":12},"end":{"line":65,"column":13}},"loc":{"start":{"line":65,"column":25},"end":{"line":68,"column":13}},"line":65},"8":{"name":"(anonymous_8)","decl":{"start":{"line":86,"column":30},"end":{"line":86,"column":31}},"loc":{"start":{"line":86,"column":41},"end":{"line":88,"column":17}},"line":86}},"branchMap":{"0":{"loc":{"start":{"line":29,"column":18},"end":{"line":29,"column":37}},"type":"default-arg","locations":[{"start":{"line":29,"column":35},"end":{"line":29,"column":37}}],"line":29},"1":{"loc":{"start":{"line":34,"column":27},"end":{"line":34,"column":44}},"type":"default-arg","locations":[{"start":{"line":34,"column":42},"end":{"line":34,"column":44}}],"line":34},"2":{"loc":{"start":{"line":77,"column":23},"end":{"line":77,"column":68}},"type":"cond-expr","locations":[{"start":{"line":77,"column":47},"end":{"line":77,"column":56}},{"start":{"line":77,"column":59},"end":{"line":77,"column":68}}],"line":77},"3":{"loc":{"start":{"line":77,"column":23},"end":{"line":77,"column":44}},"type":"binary-expr","locations":[{"start":{"line":77,"column":23},"end":{"line":77,"column":32}},{"start":{"line":77,"column":36},"end":{"line":77,"column":44}}],"line":77}},"s":{"0":0,"1":0,"2":0,"3":0,"4":0,"5":0,"6":0,"7":0,"8":0,"9":0,"10":0,"11":0,"12":0,"13":0,"14":0,"15":0,"16":0,"17":0,"18":0,"19":0,"20":0,"21":0},"f":{"0":0,"1":0,"2":0,"3":0,"4":0,"5":0,"6":0,"7":0,"8":0},"b":{"0":[0],"1":[0],"2":[0,0],"3":[0,0]}}
,"C:\\Users\\victo\\Documents\\bootcamp\\appgobarber\\src\\hooks\\auth.tsx": {"path":"C:\\Users\\victo\\Documents\\bootcamp\\appgobarber\\src\\hooks\\auth.tsx","statementMap":{"0":{"start":{"line":31,"column":20},"end":{"line":31,"column":73}},"1":{"start":{"line":33,"column":31},"end":{"line":99,"column":1}},"2":{"start":{"line":34,"column":28},"end":{"line":34,"column":64}},"3":{"start":{"line":35,"column":34},"end":{"line":35,"column":48}},"4":{"start":{"line":37,"column":4},"end":{"line":54,"column":11}},"5":{"start":{"line":39,"column":34},"end":{"line":42,"column":14}},"6":{"start":{"line":44,"column":12},"end":{"line":48,"column":13}},"7":{"start":{"line":45,"column":16},"end":{"line":45,"column":74}},"8":{"start":{"line":47,"column":16},"end":{"line":47,"column":72}},"9":{"start":{"line":50,"column":12},"end":{"line":50,"column":30}},"10":{"start":{"line":53,"column":8},"end":{"line":53,"column":26}},"11":{"start":{"line":56,"column":19},"end":{"line":72,"column":10}},"12":{"start":{"line":57,"column":25},"end":{"line":60,"column":10}},"13":{"start":{"line":62,"column":32},"end":{"line":62,"column":45}},"14":{"start":{"line":64,"column":8},"end":{"line":67,"column":11}},"15":{"start":{"line":69,"column":8},"end":{"line":69,"column":63}},"16":{"start":{"line":71,"column":8},"end":{"line":71,"column":33}},"17":{"start":{"line":74,"column":20},"end":{"line":78,"column":10}},"18":{"start":{"line":75,"column":8},"end":{"line":75,"column":78}},"19":{"start":{"line":77,"column":8},"end":{"line":77,"column":33}},"20":{"start":{"line":80,"column":23},"end":{"line":90,"column":5}},"21":{"start":{"line":82,"column":12},"end":{"line":82,"column":79}},"22":{"start":{"line":84,"column":12},"end":{"line":87,"column":15}},"23":{"start":{"line":92,"column":4},"end":{"line":98,"column":6}},"24":{"start":{"line":102,"column":20},"end":{"line":102,"column":43}},"25":{"start":{"line":104,"column":4},"end":{"line":106,"column":5}},"26":{"start":{"line":105,"column":8},"end":{"line":105,"column":71}},"27":{"start":{"line":108,"column":4},"end":{"line":108,"column":19}}},"fnMap":{"0":{"name":"(anonymous_0)","decl":{"start":{"line":33,"column":31},"end":{"line":33,"column":32}},"loc":{"start":{"line":33,"column":49},"end":{"line":99,"column":1}},"line":33},"1":{"name":"(anonymous_1)","decl":{"start":{"line":37,"column":14},"end":{"line":37,"column":15}},"loc":{"start":{"line":37,"column":20},"end":{"line":54,"column":5}},"line":37},"2":{"name":"loadStorageData","decl":{"start":{"line":38,"column":23},"end":{"line":38,"column":38}},"loc":{"start":{"line":38,"column":56},"end":{"line":51,"column":9}},"line":38},"3":{"name":"(anonymous_3)","decl":{"start":{"line":56,"column":31},"end":{"line":56,"column":32}},"loc":{"start":{"line":56,"column":62},"end":{"line":72,"column":5}},"line":56},"4":{"name":"(anonymous_4)","decl":{"start":{"line":74,"column":32},"end":{"line":74,"column":33}},"loc":{"start":{"line":74,"column":44},"end":{"line":78,"column":5}},"line":74},"5":{"name":"(anonymous_5)","decl":{"start":{"line":81,"column":8},"end":{"line":81,"column":9}},"loc":{"start":{"line":81,"column":30},"end":{"line":88,"column":9}},"line":81},"6":{"name":"useAuth","decl":{"start":{"line":101,"column":9},"end":{"line":101,"column":16}},"loc":{"start":{"line":101,"column":36},"end":{"line":109,"column":1}},"line":101}},"branchMap":{"0":{"loc":{"start":{"line":44,"column":12},"end":{"line":48,"column":13}},"type":"if","locations":[{"start":{"line":44,"column":12},"end":{"line":48,"column":13}},{"start":{"line":44,"column":12},"end":{"line":48,"column":13}}],"line":44},"1":{"loc":{"start":{"line":44,"column":16},"end":{"line":44,"column":35}},"type":"binary-expr","locations":[{"start":{"line":44,"column":16},"end":{"line":44,"column":24}},{"start":{"line":44,"column":28},"end":{"line":44,"column":35}}],"line":44},"2":{"loc":{"start":{"line":104,"column":4},"end":{"line":106,"column":5}},"type":"if","locations":[{"start":{"line":104,"column":4},"end":{"line":106,"column":5}},{"start":{"line":104,"column":4},"end":{"line":106,"column":5}}],"line":104}},"s":{"0":0,"1":0,"2":0,"3":0,"4":0,"5":0,"6":0,"7":0,"8":0,"9":0,"10":0,"11":0,"12":0,"13":0,"14":0,"15":0,"16":0,"17":0,"18":0,"19":0,"20":0,"21":0,"22":0,"23":0,"24":0,"25":0,"26":0,"27":0},"f":{"0":0,"1":0,"2":0,"3":0,"4":0,"5":0,"6":0},"b":{"0":[0,0],"1":[0,0],"2":[0,0]}}
,"C:\\Users\\victo\\Documents\\bootcamp\\appgobarber\\src\\pages\\AppointmentCreated\\index.tsx": {"path":"C:\\Users\\victo\\Documents\\bootcamp\\appgobarber\\src\\pages\\AppointmentCreated\\index.tsx","statementMap":{"0":{"start":{"line":19,"column":37},"end":{"line":52,"column":1}},"1":{"start":{"line":20,"column":22},"end":{"line":20,"column":37}},"2":{"start":{"line":21,"column":23},"end":{"line":21,"column":33}},"3":{"start":{"line":23,"column":24},"end":{"line":23,"column":45}},"4":{"start":{"line":25,"column":28},"end":{"line":30,"column":15}},"5":{"start":{"line":26,"column":8},"end":{"line":29,"column":11}},"6":{"start":{"line":32,"column":26},"end":{"line":38,"column":26}},"7":{"start":{"line":33,"column":8},"end":{"line":37,"column":10}},"8":{"start":{"line":40,"column":4},"end":{"line":51,"column":6}}},"fnMap":{"0":{"name":"(anonymous_0)","decl":{"start":{"line":19,"column":37},"end":{"line":19,"column":38}},"loc":{"start":{"line":19,"column":43},"end":{"line":52,"column":1}},"line":19},"1":{"name":"(anonymous_1)","decl":{"start":{"line":25,"column":40},"end":{"line":25,"column":41}},"loc":{"start":{"line":25,"column":46},"end":{"line":30,"column":5}},"line":25},"2":{"name":"(anonymous_2)","decl":{"start":{"line":32,"column":34},"end":{"line":32,"column":35}},"loc":{"start":{"line":32,"column":40},"end":{"line":38,"column":5}},"line":32}},"branchMap":{},"s":{"0":0,"1":0,"2":0,"3":0,"4":0,"5":0,"6":0,"7":0,"8":0},"f":{"0":0,"1":0,"2":0},"b":{}}
,"C:\\Users\\victo\\Documents\\bootcamp\\appgobarber\\src\\pages\\CreateAppointment\\index.tsx": {"path":"C:\\Users\\victo\\Documents\\bootcamp\\appgobarber\\src\\pages\\CreateAppointment\\index.tsx","statementMap":{"0":{"start":{"line":52,"column":36},"end":{"line":267,"column":1}},"1":{"start":{"line":53,"column":21},"end":{"line":53,"column":30}},"2":{"start":{"line":54,"column":18},"end":{"line":54,"column":28}},"3":{"start":{"line":55,"column":33},"end":{"line":55,"column":48}},"4":{"start":{"line":57,"column":24},"end":{"line":57,"column":51}},"5":{"start":{"line":59,"column":44},"end":{"line":59,"column":76}},"6":{"start":{"line":60,"column":48},"end":{"line":60,"column":63}},"7":{"start":{"line":61,"column":44},"end":{"line":61,"column":64}},"8":{"start":{"line":62,"column":44},"end":{"line":62,"column":55}},"9":{"start":{"line":63,"column":38},"end":{"line":63,"column":62}},"10":{"start":{"line":64,"column":52},"end":{"line":66,"column":5}},"11":{"start":{"line":68,"column":4},"end":{"line":72,"column":11}},"12":{"start":{"line":69,"column":8},"end":{"line":71,"column":11}},"13":{"start":{"line":70,"column":12},"end":{"line":70,"column":40}},"14":{"start":{"line":74,"column":4},"end":{"line":85,"column":41}},"15":{"start":{"line":75,"column":8},"end":{"line":84,"column":15}},"16":{"start":{"line":83,"column":16},"end":{"line":83,"column":47}},"17":{"start":{"line":87,"column":25},"end":{"line":89,"column":16}},"18":{"start":{"line":88,"column":8},"end":{"line":88,"column":17}},"19":{"start":{"line":91,"column":33},"end":{"line":93,"column":10}},"20":{"start":{"line":92,"column":8},"end":{"line":92,"column":40}},"21":{"start":{"line":95,"column":35},"end":{"line":97,"column":10}},"22":{"start":{"line":96,"column":8},"end":{"line":96,"column":45}},"23":{"start":{"line":96,"column":37},"end":{"line":96,"column":43}},"24":{"start":{"line":99,"column":30},"end":{"line":110,"column":5}},"25":{"start":{"line":101,"column":12},"end":{"line":103,"column":13}},"26":{"start":{"line":102,"column":16},"end":{"line":102,"column":41}},"27":{"start":{"line":105,"column":12},"end":{"line":107,"column":13}},"28":{"start":{"line":106,"column":16},"end":{"line":106,"column":38}},"29":{"start":{"line":112,"column":29},"end":{"line":114,"column":10}},"30":{"start":{"line":113,"column":8},"end":{"line":113,"column":30}},"31":{"start":{"line":116,"column":36},"end":{"line":135,"column":64}},"32":{"start":{"line":117,"column":8},"end":{"line":134,"column":9}},"33":{"start":{"line":118,"column":25},"end":{"line":118,"column":47}},"34":{"start":{"line":120,"column":12},"end":{"line":120,"column":40}},"35":{"start":{"line":121,"column":12},"end":{"line":121,"column":31}},"36":{"start":{"line":123,"column":12},"end":{"line":126,"column":14}},"37":{"start":{"line":128,"column":12},"end":{"line":128,"column":68}},"38":{"start":{"line":130,"column":12},"end":{"line":133,"column":14}},"39":{"start":{"line":137,"column":32},"end":{"line":147,"column":22}},"40":{"start":{"line":138,"column":8},"end":{"line":146,"column":15}},"41":{"start":{"line":139,"column":34},"end":{"line":139,"column":43}},"42":{"start":{"line":141,"column":16},"end":{"line":145,"column":18}},"43":{"start":{"line":149,"column":34},"end":{"line":159,"column":22}},"44":{"start":{"line":150,"column":8},"end":{"line":158,"column":15}},"45":{"start":{"line":151,"column":34},"end":{"line":151,"column":44}},"46":{"start":{"line":153,"column":16},"end":{"line":157,"column":18}},"47":{"start":{"line":161,"column":4},"end":{"line":266,"column":6}},"48":{"start":{"line":179,"column":52},"end":{"line":179,"column":63}},"49":{"start":{"line":181,"column":28},"end":{"line":189,"column":48}},"50":{"start":{"line":182,"column":47},"end":{"line":182,"column":80}},"51":{"start":{"line":222,"column":36},"end":{"line":232,"column":43}},"52":{"start":{"line":227,"column":55},"end":{"line":227,"column":77}},"53":{"start":{"line":244,"column":36},"end":{"line":254,"column":43}},"54":{"start":{"line":249,"column":55},"end":{"line":249,"column":77}}},"fnMap":{"0":{"name":"(anonymous_0)","decl":{"start":{"line":52,"column":36},"end":{"line":52,"column":37}},"loc":{"start":{"line":52,"column":42},"end":{"line":267,"column":1}},"line":52},"1":{"name":"(anonymous_1)","decl":{"start":{"line":68,"column":14},"end":{"line":68,"column":15}},"loc":{"start":{"line":68,"column":20},"end":{"line":72,"column":5}},"line":68},"2":{"name":"(anonymous_2)","decl":{"start":{"line":69,"column":34},"end":{"line":69,"column":35}},"loc":{"start":{"line":69,"column":46},"end":{"line":71,"column":9}},"line":69},"3":{"name":"(anonymous_3)","decl":{"start":{"line":74,"column":14},"end":{"line":74,"column":15}},"loc":{"start":{"line":74,"column":20},"end":{"line":85,"column":5}},"line":74},"4":{"name":"(anonymous_4)","decl":{"start":{"line":82,"column":18},"end":{"line":82,"column":19}},"loc":{"start":{"line":82,"column":30},"end":{"line":84,"column":13}},"line":82},"5":{"name":"(anonymous_5)","decl":{"start":{"line":87,"column":37},"end":{"line":87,"column":38}},"loc":{"start":{"line":87,"column":43},"end":{"line":89,"column":5}},"line":87},"6":{"name":"(anonymous_6)","decl":{"start":{"line":91,"column":45},"end":{"line":91,"column":46}},"loc":{"start":{"line":91,"column":69},"end":{"line":93,"column":5}},"line":91},"7":{"name":"(anonymous_7)","decl":{"start":{"line":95,"column":47},"end":{"line":95,"column":48}},"loc":{"start":{"line":95,"column":53},"end":{"line":97,"column":5}},"line":95},"8":{"name":"(anonymous_8)","decl":{"start":{"line":96,"column":26},"end":{"line":96,"column":27}},"loc":{"start":{"line":96,"column":37},"end":{"line":96,"column":43}},"line":96},"9":{"name":"(anonymous_9)","decl":{"start":{"line":100,"column":8},"end":{"line":100,"column":9}},"loc":{"start":{"line":100,"column":48},"end":{"line":108,"column":9}},"line":100},"10":{"name":"(anonymous_10)","decl":{"start":{"line":112,"column":41},"end":{"line":112,"column":42}},"loc":{"start":{"line":112,"column":59},"end":{"line":114,"column":5}},"line":112},"11":{"name":"(anonymous_11)","decl":{"start":{"line":116,"column":48},"end":{"line":116,"column":49}},"loc":{"start":{"line":116,"column":60},"end":{"line":135,"column":5}},"line":116},"12":{"name":"(anonymous_12)","decl":{"start":{"line":137,"column":40},"end":{"line":137,"column":41}},"loc":{"start":{"line":137,"column":46},"end":{"line":147,"column":5}},"line":137},"13":{"name":"(anonymous_13)","decl":{"start":{"line":139,"column":20},"end":{"line":139,"column":21}},"loc":{"start":{"line":139,"column":34},"end":{"line":139,"column":43}},"line":139},"14":{"name":"(anonymous_14)","decl":{"start":{"line":140,"column":17},"end":{"line":140,"column":18}},"loc":{"start":{"line":140,"column":42},"end":{"line":146,"column":13}},"line":140},"15":{"name":"(anonymous_15)","decl":{"start":{"line":149,"column":42},"end":{"line":149,"column":43}},"loc":{"start":{"line":149,"column":48},"end":{"line":159,"column":5}},"line":149},"16":{"name":"(anonymous_16)","decl":{"start":{"line":151,"column":20},"end":{"line":151,"column":21}},"loc":{"start":{"line":151,"column":34},"end":{"line":151,"column":44}},"line":151},"17":{"name":"(anonymous_17)","decl":{"start":{"line":152,"column":17},"end":{"line":152,"column":18}},"loc":{"start":{"line":152,"column":42},"end":{"line":158,"column":13}},"line":152},"18":{"name":"(anonymous_18)","decl":{"start":{"line":179,"column":38},"end":{"line":179,"column":39}},"loc":{"start":{"line":179,"column":52},"end":{"line":179,"column":63}},"line":179},"19":{"name":"(anonymous_19)","decl":{"start":{"line":180,"column":36},"end":{"line":180,"column":37}},"loc":{"start":{"line":181,"column":28},"end":{"line":189,"column":48}},"line":181},"20":{"name":"(anonymous_20)","decl":{"start":{"line":182,"column":41},"end":{"line":182,"column":42}},"loc":{"start":{"line":182,"column":47},"end":{"line":182,"column":80}},"line":182},"21":{"name":"(anonymous_21)","decl":{"start":{"line":221,"column":32},"end":{"line":221,"column":33}},"loc":{"start":{"line":222,"column":36},"end":{"line":232,"column":43}},"line":222},"22":{"name":"(anonymous_22)","decl":{"start":{"line":227,"column":49},"end":{"line":227,"column":50}},"loc":{"start":{"line":227,"column":55},"end":{"line":227,"column":77}},"line":227},"23":{"name":"(anonymous_23)","decl":{"start":{"line":243,"column":32},"end":{"line":243,"column":33}},"loc":{"start":{"line":244,"column":36},"end":{"line":254,"column":43}},"line":244},"24":{"name":"(anonymous_24)","decl":{"start":{"line":249,"column":49},"end":{"line":249,"column":50}},"loc":{"start":{"line":249,"column":55},"end":{"line":249,"column":77}},"line":249}},"branchMap":{"0":{"loc":{"start":{"line":101,"column":12},"end":{"line":103,"column":13}},"type":"if","locations":[{"start":{"line":101,"column":12},"end":{"line":103,"column":13}},{"start":{"line":101,"column":12},"end":{"line":103,"column":13}}],"line":101},"1":{"loc":{"start":{"line":105,"column":12},"end":{"line":107,"column":13}},"type":"if","locations":[{"start":{"line":105,"column":12},"end":{"line":107,"column":13}},{"start":{"line":105,"column":12},"end":{"line":107,"column":13}}],"line":105},"2":{"loc":{"start":{"line":203,"column":21},"end":{"line":210,"column":21}},"type":"binary-expr","locations":[{"start":{"line":203,"column":21},"end":{"line":203,"column":35}},{"start":{"line":204,"column":24},"end":{"line":209,"column":26}}],"line":203}},"s":{"0":0,"1":0,"2":0,"3":0,"4":0,"5":0,"6":0,"7":0,"8":0,"9":0,"10":0,"11":0,"12":0,"13":0,"14":0,"15":0,"16":0,"17":0,"18":0,"19":0,"20":0,"21":0,"22":0,"23":0,"24":0,"25":0,"26":0,"27":0,"28":0,"29":0,"30":0,"31":0,"32":0,"33":0,"34":0,"35":0,"36":0,"37":0,"38":0,"39":0,"40":0,"41":0,"42":0,"43":0,"44":0,"45":0,"46":0,"47":0,"48":0,"49":0,"50":0,"51":0,"52":0,"53":0,"54":0},"f":{"0":0,"1":0,"2":0,"3":0,"4":0,"5":0,"6":0,"7":0,"8":0,"9":0,"10":0,"11":0,"12":0,"13":0,"14":0,"15":0,"16":0,"17":0,"18":0,"19":0,"20":0,"21":0,"22":0,"23":0,"24":0},"b":{"0":[0,0],"1":[0,0],"2":[0,0]}}
,"C:\\Users\\victo\\Documents\\bootcamp\\appgobarber\\src\\pages\\Dashboard\\index.tsx": {"path":"C:\\Users\\victo\\Documents\\bootcamp\\appgobarber\\src\\pages\\Dashboard\\index.tsx","statementMap":{"0":{"start":{"line":17,"column":28},"end":{"line":82,"column":1}},"1":{"start":{"line":18,"column":38},"end":{"line":18,"column":62}},"2":{"start":{"line":20,"column":21},"end":{"line":20,"column":30}},"3":{"start":{"line":21,"column":25},"end":{"line":21,"column":40}},"4":{"start":{"line":23,"column":4},"end":{"line":27,"column":11}},"5":{"start":{"line":24,"column":8},"end":{"line":26,"column":11}},"6":{"start":{"line":25,"column":12},"end":{"line":25,"column":40}},"7":{"start":{"line":29,"column":30},"end":{"line":31,"column":18}},"8":{"start":{"line":30,"column":8},"end":{"line":30,"column":28}},"9":{"start":{"line":33,"column":40},"end":{"line":37,"column":5}},"10":{"start":{"line":35,"column":12},"end":{"line":35,"column":58}},"11":{"start":{"line":39,"column":4},"end":{"line":81,"column":6}},"12":{"start":{"line":47,"column":48},"end":{"line":47,"column":65}},"13":{"start":{"line":54,"column":42},"end":{"line":54,"column":53}},"14":{"start":{"line":59,"column":20},"end":{"line":77,"column":40}},"15":{"start":{"line":60,"column":39},"end":{"line":60,"column":79}}},"fnMap":{"0":{"name":"(anonymous_0)","decl":{"start":{"line":17,"column":28},"end":{"line":17,"column":29}},"loc":{"start":{"line":17,"column":34},"end":{"line":82,"column":1}},"line":17},"1":{"name":"(anonymous_1)","decl":{"start":{"line":23,"column":14},"end":{"line":23,"column":15}},"loc":{"start":{"line":23,"column":20},"end":{"line":27,"column":5}},"line":23},"2":{"name":"(anonymous_2)","decl":{"start":{"line":24,"column":34},"end":{"line":24,"column":35}},"loc":{"start":{"line":24,"column":46},"end":{"line":26,"column":9}},"line":24},"3":{"name":"(anonymous_3)","decl":{"start":{"line":29,"column":42},"end":{"line":29,"column":43}},"loc":{"start":{"line":29,"column":48},"end":{"line":31,"column":5}},"line":29},"4":{"name":"(anonymous_4)","decl":{"start":{"line":34,"column":8},"end":{"line":34,"column":9}},"loc":{"start":{"line":34,"column":32},"end":{"line":36,"column":9}},"line":34},"5":{"name":"(anonymous_5)","decl":{"start":{"line":47,"column":40},"end":{"line":47,"column":41}},"loc":{"start":{"line":47,"column":46},"end":{"line":47,"column":67}},"line":47},"6":{"name":"(anonymous_6)","decl":{"start":{"line":54,"column":30},"end":{"line":54,"column":31}},"loc":{"start":{"line":54,"column":42},"end":{"line":54,"column":53}},"line":54},"7":{"name":"(anonymous_7)","decl":{"start":{"line":58,"column":28},"end":{"line":58,"column":29}},"loc":{"start":{"line":59,"column":20},"end":{"line":77,"column":40}},"line":59},"8":{"name":"(anonymous_8)","decl":{"start":{"line":60,"column":33},"end":{"line":60,"column":34}},"loc":{"start":{"line":60,"column":39},"end":{"line":60,"column":79}},"line":60}},"branchMap":{},"s":{"0":0,"1":0,"2":0,"3":0,"4":0,"5":0,"6":0,"7":0,"8":0,"9":0,"10":0,"11":0,"12":0,"13":0,"14":0,"15":0},"f":{"0":0,"1":0,"2":0,"3":0,"4":0,"5":0,"6":0,"7":0,"8":0},"b":{}}
,"C:\\Users\\victo\\Documents\\bootcamp\\appgobarber\\src\\pages\\Profile\\index.tsx": {"path":"C:\\Users\\victo\\Documents\\bootcamp\\appgobarber\\src\\pages\\Profile\\index.tsx","statementMap":{"0":{"start":{"line":43,"column":26},"end":{"line":259,"column":1}},"1":{"start":{"line":44,"column":33},"end":{"line":44,"column":42}},"2":{"start":{"line":46,"column":20},"end":{"line":46,"column":45}},"3":{"start":{"line":47,"column":23},"end":{"line":47,"column":38}},"4":{"start":{"line":49,"column":26},"end":{"line":49,"column":49}},"5":{"start":{"line":50,"column":32},"end":{"line":50,"column":55}},"6":{"start":{"line":51,"column":29},"end":{"line":51,"column":52}},"7":{"start":{"line":52,"column":36},"end":{"line":52,"column":59}},"8":{"start":{"line":54,"column":25},"end":{"line":124,"column":36}},"9":{"start":{"line":56,"column":12},"end":{"line":123,"column":13}},"10":{"start":{"line":57,"column":16},"end":{"line":57,"column":47}},"11":{"start":{"line":59,"column":31},"end":{"line":77,"column":18}},"12":{"start":{"line":66,"column":53},"end":{"line":66,"column":65}},"13":{"start":{"line":72,"column":57},"end":{"line":72,"column":69}},"14":{"start":{"line":79,"column":16},"end":{"line":81,"column":19}},"15":{"start":{"line":89,"column":20},"end":{"line":89,"column":24}},"16":{"start":{"line":91,"column":33},"end":{"line":101,"column":17}},"17":{"start":{"line":103,"column":33},"end":{"line":103,"column":68}},"18":{"start":{"line":105,"column":16},"end":{"line":105,"column":42}},"19":{"start":{"line":107,"column":16},"end":{"line":107,"column":62}},"20":{"start":{"line":109,"column":16},"end":{"line":109,"column":36}},"21":{"start":{"line":111,"column":16},"end":{"line":117,"column":17}},"22":{"start":{"line":112,"column":35},"end":{"line":112,"column":59}},"23":{"start":{"line":114,"column":20},"end":{"line":114,"column":55}},"24":{"start":{"line":116,"column":20},"end":{"line":116,"column":27}},"25":{"start":{"line":119,"column":16},"end":{"line":122,"column":18}},"26":{"start":{"line":126,"column":31},"end":{"line":157,"column":29}},"27":{"start":{"line":127,"column":8},"end":{"line":156,"column":10}},"28":{"start":{"line":135,"column":16},"end":{"line":137,"column":17}},"29":{"start":{"line":136,"column":20},"end":{"line":136,"column":27}},"30":{"start":{"line":139,"column":16},"end":{"line":142,"column":17}},"31":{"start":{"line":140,"column":20},"end":{"line":140,"column":65}},"32":{"start":{"line":141,"column":20},"end":{"line":141,"column":27}},"33":{"start":{"line":144,"column":29},"end":{"line":144,"column":43}},"34":{"start":{"line":146,"column":16},"end":{"line":150,"column":19}},"35":{"start":{"line":152,"column":16},"end":{"line":154,"column":19}},"36":{"start":{"line":153,"column":20},"end":{"line":153,"column":49}},"37":{"start":{"line":159,"column":25},"end":{"line":161,"column":20}},"38":{"start":{"line":160,"column":8},"end":{"line":160,"column":28}},"39":{"start":{"line":163,"column":4},"end":{"line":258,"column":6}},"40":{"start":{"line":195,"column":36},"end":{"line":195,"column":66}},"41":{"start":{"line":208,"column":36},"end":{"line":208,"column":72}},"42":{"start":{"line":222,"column":36},"end":{"line":222,"column":70}},"43":{"start":{"line":235,"column":36},"end":{"line":235,"column":77}},"44":{"start":{"line":247,"column":55},"end":{"line":247,"column":84}},"45":{"start":{"line":250,"column":51},"end":{"line":250,"column":80}}},"fnMap":{"0":{"name":"(anonymous_0)","decl":{"start":{"line":43,"column":26},"end":{"line":43,"column":27}},"loc":{"start":{"line":43,"column":32},"end":{"line":259,"column":1}},"line":43},"1":{"name":"(anonymous_1)","decl":{"start":{"line":55,"column":8},"end":{"line":55,"column":9}},"loc":{"start":{"line":55,"column":41},"end":{"line":124,"column":9}},"line":55},"2":{"name":"(anonymous_2)","decl":{"start":{"line":66,"column":28},"end":{"line":66,"column":29}},"loc":{"start":{"line":66,"column":53},"end":{"line":66,"column":65}},"line":66},"3":{"name":"(anonymous_3)","decl":{"start":{"line":72,"column":32},"end":{"line":72,"column":33}},"loc":{"start":{"line":72,"column":57},"end":{"line":72,"column":69}},"line":72},"4":{"name":"(anonymous_4)","decl":{"start":{"line":126,"column":43},"end":{"line":126,"column":44}},"loc":{"start":{"line":126,"column":49},"end":{"line":157,"column":5}},"line":126},"5":{"name":"(anonymous_5)","decl":{"start":{"line":134,"column":12},"end":{"line":134,"column":13}},"loc":{"start":{"line":134,"column":69},"end":{"line":155,"column":13}},"line":134},"6":{"name":"(anonymous_6)","decl":{"start":{"line":152,"column":54},"end":{"line":152,"column":55}},"loc":{"start":{"line":152,"column":71},"end":{"line":154,"column":17}},"line":152},"7":{"name":"(anonymous_7)","decl":{"start":{"line":159,"column":37},"end":{"line":159,"column":38}},"loc":{"start":{"line":159,"column":43},"end":{"line":161,"column":5}},"line":159},"8":{"name":"(anonymous_8)","decl":{"start":{"line":194,"column":49},"end":{"line":194,"column":50}},"loc":{"start":{"line":194,"column":55},"end":{"line":196,"column":33}},"line":194},"9":{"name":"(anonymous_9)","decl":{"start":{"line":207,"column":49},"end":{"line":207,"column":50}},"loc":{"start":{"line":207,"column":55},"end":{"line":209,"column":33}},"line":207},"10":{"name":"(anonymous_10)","decl":{"start":{"line":221,"column":49},"end":{"line":221,"column":50}},"loc":{"start":{"line":221,"column":55},"end":{"line":223,"column":33}},"line":221},"11":{"name":"(anonymous_11)","decl":{"start":{"line":234,"column":49},"end":{"line":234,"column":50}},"loc":{"start":{"line":234,"column":55},"end":{"line":236,"column":33}},"line":234},"12":{"name":"(anonymous_12)","decl":{"start":{"line":247,"column":49},"end":{"line":247,"column":50}},"loc":{"start":{"line":247,"column":55},"end":{"line":247,"column":84}},"line":247},"13":{"name":"(anonymous_13)","decl":{"start":{"line":250,"column":45},"end":{"line":250,"column":46}},"loc":{"start":{"line":250,"column":51},"end":{"line":250,"column":80}},"line":250}},"branchMap":{"0":{"loc":{"start":{"line":94,"column":24},"end":{"line":100,"column":28}},"type":"cond-expr","locations":[{"start":{"line":95,"column":26},"end":{"line":99,"column":25}},{"start":{"line":100,"column":26},"end":{"line":100,"column":28}}],"line":94},"1":{"loc":{"start":{"line":111,"column":16},"end":{"line":117,"column":17}},"type":"if","locations":[{"start":{"line":111,"column":16},"end":{"line":117,"column":17}},{"start":{"line":111,"column":16},"end":{"line":117,"column":17}}],"line":111},"2":{"loc":{"start":{"line":135,"column":16},"end":{"line":137,"column":17}},"type":"if","locations":[{"start":{"line":135,"column":16},"end":{"line":137,"column":17}},{"start":{"line":135,"column":16},"end":{"line":137,"column":17}}],"line":135},"3":{"loc":{"start":{"line":139,"column":16},"end":{"line":142,"column":17}},"type":"if","locations":[{"start":{"line":139,"column":16},"end":{"line":142,"column":17}},{"start":{"line":139,"column":16},"end":{"line":142,"column":17}}],"line":139},"4":{"loc":{"start":{"line":167,"column":26},"end":{"line":167,"column":71}},"type":"cond-expr","locations":[{"start":{"line":167,"column":50},"end":{"line":167,"column":59}},{"start":{"line":167,"column":62},"end":{"line":167,"column":71}}],"line":167}},"s":{"0":0,"1":0,"2":0,"3":0,"4":0,"5":0,"6":0,"7":0,"8":0,"9":0,"10":0,"11":0,"12":0,"13":0,"14":0,"15":0,"16":0,"17":0,"18":0,"19":0,"20":0,"21":0,"22":0,"23":0,"24":0,"25":0,"26":0,"27":0,"28":0,"29":0,"30":0,"31":0,"32":0,"33":0,"34":0,"35":0,"36":0,"37":0,"38":0,"39":0,"40":0,"41":0,"42":0,"43":0,"44":0,"45":0},"f":{"0":0,"1":0,"2":0,"3":0,"4":0,"5":0,"6":0,"7":0,"8":0,"9":0,"10":0,"11":0,"12":0,"13":0},"b":{"0":[0,0],"1":[0,0],"2":[0,0],"3":[0,0],"4":[0,0]}}
,"C:\\Users\\victo\\Documents\\bootcamp\\appgobarber\\src\\pages\\SignIn\\index.tsx": {"path":"C:\\Users\\victo\\Documents\\bootcamp\\appgobarber\\src\\pages\\SignIn\\index.tsx","statementMap":{"0":{"start":{"line":41,"column":25},"end":{"line":155,"column":1}},"1":{"start":{"line":42,"column":20},"end":{"line":42,"column":45}},"2":{"start":{"line":43,"column":29},"end":{"line":43,"column":52}},"3":{"start":{"line":45,"column":23},"end":{"line":45,"column":38}},"4":{"start":{"line":47,"column":23},"end":{"line":47,"column":32}},"5":{"start":{"line":49,"column":25},"end":{"line":87,"column":5}},"6":{"start":{"line":51,"column":12},"end":{"line":84,"column":13}},"7":{"start":{"line":52,"column":16},"end":{"line":52,"column":47}},"8":{"start":{"line":54,"column":31},"end":{"line":59,"column":18}},"9":{"start":{"line":61,"column":16},"end":{"line":63,"column":19}},"10":{"start":{"line":65,"column":16},"end":{"line":68,"column":19}},"11":{"start":{"line":70,"column":16},"end":{"line":78,"column":17}},"12":{"start":{"line":71,"column":35},"end":{"line":71,"column":59}},"13":{"start":{"line":73,"column":20},"end":{"line":73,"column":40}},"14":{"start":{"line":75,"column":20},"end":{"line":75,"column":55}},"15":{"start":{"line":77,"column":20},"end":{"line":77,"column":27}},"16":{"start":{"line":80,"column":16},"end":{"line":83,"column":18}},"17":{"start":{"line":89,"column":4},"end":{"line":154,"column":6}},"18":{"start":{"line":117,"column":36},"end":{"line":117,"column":70}},"19":{"start":{"line":129,"column":36},"end":{"line":129,"column":66}},"20":{"start":{"line":135,"column":36},"end":{"line":135,"column":66}},"21":{"start":{"line":149,"column":48},"end":{"line":149,"column":77}}},"fnMap":{"0":{"name":"(anonymous_0)","decl":{"start":{"line":41,"column":25},"end":{"line":41,"column":26}},"loc":{"start":{"line":41,"column":31},"end":{"line":155,"column":1}},"line":41},"1":{"name":"(anonymous_1)","decl":{"start":{"line":50,"column":8},"end":{"line":50,"column":9}},"loc":{"start":{"line":50,"column":40},"end":{"line":85,"column":9}},"line":50},"2":{"name":"(anonymous_2)","decl":{"start":{"line":116,"column":49},"end":{"line":116,"column":50}},"loc":{"start":{"line":116,"column":55},"end":{"line":118,"column":33}},"line":116},"3":{"name":"(anonymous_3)","decl":{"start":{"line":128,"column":49},"end":{"line":128,"column":50}},"loc":{"start":{"line":128,"column":55},"end":{"line":130,"column":33}},"line":128},"4":{"name":"(anonymous_4)","decl":{"start":{"line":134,"column":41},"end":{"line":134,"column":42}},"loc":{"start":{"line":134,"column":47},"end":{"line":136,"column":33}},"line":134},"5":{"name":"(anonymous_5)","decl":{"start":{"line":142,"column":49},"end":{"line":142,"column":50}},"loc":{"start":{"line":142,"column":55},"end":{"line":142,"column":58}},"line":142},"6":{"name":"(anonymous_6)","decl":{"start":{"line":149,"column":42},"end":{"line":149,"column":43}},"loc":{"start":{"line":149,"column":48},"end":{"line":149,"column":77}},"line":149}},"branchMap":{"0":{"loc":{"start":{"line":70,"column":16},"end":{"line":78,"column":17}},"type":"if","locations":[{"start":{"line":70,"column":16},"end":{"line":78,"column":17}},{"start":{"line":70,"column":16},"end":{"line":78,"column":17}}],"line":70},"1":{"loc":{"start":{"line":93,"column":26},"end":{"line":93,"column":71}},"type":"cond-expr","locations":[{"start":{"line":93,"column":50},"end":{"line":93,"column":59}},{"start":{"line":93,"column":62},"end":{"line":93,"column":71}}],"line":93}},"s":{"0":0,"1":0,"2":0,"3":0,"4":0,"5":0,"6":0,"7":0,"8":0,"9":0,"10":0,"11":0,"12":0,"13":0,"14":0,"15":0,"16":0,"17":0,"18":0,"19":0,"20":0,"21":0},"f":{"0":0,"1":0,"2":0,"3":0,"4":0,"5":0,"6":0},"b":{"0":[0,0],"1":[0,0]}}
,"C:\\Users\\victo\\Documents\\bootcamp\\appgobarber\\src\\pages\\SignUp\\index.tsx": {"path":"C:\\Users\\victo\\Documents\\bootcamp\\appgobarber\\src\\pages\\SignUp\\index.tsx","statementMap":{"0":{"start":{"line":39,"column":25},"end":{"line":154,"column":1}},"1":{"start":{"line":40,"column":20},"end":{"line":40,"column":45}},"2":{"start":{"line":41,"column":23},"end":{"line":41,"column":38}},"3":{"start":{"line":43,"column":26},"end":{"line":43,"column":49}},"4":{"start":{"line":44,"column":29},"end":{"line":44,"column":52}},"5":{"start":{"line":46,"column":25},"end":{"line":84,"column":24}},"6":{"start":{"line":48,"column":12},"end":{"line":83,"column":13}},"7":{"start":{"line":49,"column":16},"end":{"line":49,"column":47}},"8":{"start":{"line":51,"column":31},"end":{"line":57,"column":18}},"9":{"start":{"line":59,"column":16},"end":{"line":61,"column":19}},"10":{"start":{"line":63,"column":16},"end":{"line":63,"column":47}},"11":{"start":{"line":65,"column":16},"end":{"line":67,"column":18}},"12":{"start":{"line":69,"column":16},"end":{"line":69,"column":36}},"13":{"start":{"line":71,"column":16},"end":{"line":77,"column":17}},"14":{"start":{"line":72,"column":35},"end":{"line":72,"column":59}},"15":{"start":{"line":74,"column":20},"end":{"line":74,"column":55}},"16":{"start":{"line":76,"column":20},"end":{"line":76,"column":27}},"17":{"start":{"line":79,"column":16},"end":{"line":82,"column":18}},"18":{"start":{"line":86,"column":4},"end":{"line":153,"column":6}},"19":{"start":{"line":112,"column":36},"end":{"line":112,"column":66}},"20":{"start":{"line":125,"column":36},"end":{"line":125,"column":69}},"21":{"start":{"line":137,"column":55},"end":{"line":137,"column":84}},"22":{"start":{"line":140,"column":51},"end":{"line":140,"column":80}},"23":{"start":{"line":148,"column":41},"end":{"line":148,"column":60}}},"fnMap":{"0":{"name":"(anonymous_0)","decl":{"start":{"line":39,"column":25},"end":{"line":39,"column":26}},"loc":{"start":{"line":39,"column":31},"end":{"line":154,"column":1}},"line":39},"1":{"name":"(anonymous_1)","decl":{"start":{"line":47,"column":8},"end":{"line":47,"column":9}},"loc":{"start":{"line":47,"column":40},"end":{"line":84,"column":9}},"line":47},"2":{"name":"(anonymous_2)","decl":{"start":{"line":111,"column":49},"end":{"line":111,"column":50}},"loc":{"start":{"line":111,"column":55},"end":{"line":113,"column":33}},"line":111},"3":{"name":"(anonymous_3)","decl":{"start":{"line":124,"column":49},"end":{"line":124,"column":50}},"loc":{"start":{"line":124,"column":55},"end":{"line":126,"column":33}},"line":124},"4":{"name":"(anonymous_4)","decl":{"start":{"line":137,"column":49},"end":{"line":137,"column":50}},"loc":{"start":{"line":137,"column":55},"end":{"line":137,"column":84}},"line":137},"5":{"name":"(anonymous_5)","decl":{"start":{"line":140,"column":45},"end":{"line":140,"column":46}},"loc":{"start":{"line":140,"column":51},"end":{"line":140,"column":80}},"line":140},"6":{"name":"(anonymous_6)","decl":{"start":{"line":148,"column":35},"end":{"line":148,"column":36}},"loc":{"start":{"line":148,"column":41},"end":{"line":148,"column":60}},"line":148}},"branchMap":{"0":{"loc":{"start":{"line":71,"column":16},"end":{"line":77,"column":17}},"type":"if","locations":[{"start":{"line":71,"column":16},"end":{"line":77,"column":17}},{"start":{"line":71,"column":16},"end":{"line":77,"column":17}}],"line":71},"1":{"loc":{"start":{"line":90,"column":26},"end":{"line":90,"column":71}},"type":"cond-expr","locations":[{"start":{"line":90,"column":50},"end":{"line":90,"column":59}},{"start":{"line":90,"column":62},"end":{"line":90,"column":71}}],"line":90}},"s":{"0":0,"1":0,"2":0,"3":0,"4":0,"5":0,"6":0,"7":0,"8":0,"9":0,"10":0,"11":0,"12":0,"13":0,"14":0,"15":0,"16":0,"17":0,"18":0,"19":0,"20":0,"21":0,"22":0,"23":0},"f":{"0":0,"1":0,"2":0,"3":0,"4":0,"5":0,"6":0},"b":{"0":[0,0],"1":[0,0]}}
}
