TN:
SF:src\components\Button\index.tsx
FN:10,(anonymous_0)
FNF:1
FNH:0
FNDA:0,(anonymous_0)
DA:10,0
DA:11,0
LF:2
LH:0
BRF:0
BRH:0
end_of_record
TN:
SF:src\components\Input\index.tsx
FN:28,(anonymous_0)
FN:40,(anonymous_1)
FN:46,(anonymous_2)
FN:50,(anonymous_3)
FN:51,(anonymous_4)
FN:56,(anonymous_5)
FN:61,(anonymous_6)
FN:65,(anonymous_7)
FN:86,(anonymous_8)
FNF:9
FNH:0
FNDA:0,(anonymous_0)
FNDA:0,(anonymous_1)
FNDA:0,(anonymous_2)
FNDA:0,(anonymous_3)
FNDA:0,(anonymous_4)
FNDA:0,(anonymous_5)
FNDA:0,(anonymous_6)
FNDA:0,(anonymous_7)
FNDA:0,(anonymous_8)
DA:28,0
DA:32,0
DA:34,0
DA:35,0
DA:37,0
DA:38,0
DA:40,0
DA:41,0
DA:43,0
DA:46,0
DA:47,0
DA:50,0
DA:52,0
DA:56,0
DA:57,0
DA:62,0
DA:63,0
DA:66,0
DA:67,0
DA:72,0
DA:87,0
LF:21
LH:0
BRDA:29,0,0,0
BRDA:34,1,0,0
BRDA:77,2,0,0
BRDA:77,2,1,0
BRDA:77,3,0,0
BRDA:77,3,1,0
BRF:6
BRH:0
end_of_record
TN:
SF:src\hooks\auth.tsx
FN:33,(anonymous_0)
FN:37,(anonymous_1)
FN:38,loadStorageData
FN:56,(anonymous_3)
FN:74,(anonymous_4)
FN:81,(anonymous_5)
FN:101,useAuth
FNF:7
FNH:0
FNDA:0,(anonymous_0)
FNDA:0,(anonymous_1)
FNDA:0,loadStorageData
FNDA:0,(anonymous_3)
FNDA:0,(anonymous_4)
FNDA:0,(anonymous_5)
FNDA:0,useAuth
DA:31,0
DA:33,0
DA:34,0
DA:35,0
DA:37,0
DA:39,0
DA:44,0
DA:45,0
DA:47,0
DA:50,0
DA:53,0
DA:56,0
DA:57,0
DA:62,0
DA:64,0
DA:69,0
DA:71,0
DA:74,0
DA:75,0
DA:77,0
DA:80,0
DA:82,0
DA:84,0
DA:92,0
DA:102,0
DA:104,0
DA:105,0
DA:108,0
LF:28
LH:0
BRDA:44,0,0,0
BRDA:44,0,1,0
BRDA:44,1,0,0
BRDA:44,1,1,0
BRDA:104,2,0,0
BRDA:104,2,1,0
BRF:6
BRH:0
end_of_record
TN:
SF:src\pages\AppointmentCreated\index.tsx
FN:19,(anonymous_0)
FN:25,(anonymous_1)
FN:32,(anonymous_2)
FNF:3
FNH:0
FNDA:0,(anonymous_0)
FNDA:0,(anonymous_1)
FNDA:0,(anonymous_2)
DA:19,0
DA:20,0
DA:21,0
DA:23,0
DA:25,0
DA:26,0
DA:32,0
DA:33,0
DA:40,0
LF:9
LH:0
BRF:0
BRH:0
end_of_record
TN:
SF:src\pages\CreateAppointment\index.tsx
FN:52,(anonymous_0)
FN:68,(anonymous_1)
FN:69,(anonymous_2)
FN:74,(anonymous_3)
FN:82,(anonymous_4)
FN:87,(anonymous_5)
FN:91,(anonymous_6)
FN:95,(anonymous_7)
FN:96,(anonymous_8)
FN:100,(anonymous_9)
FN:112,(anonymous_10)
FN:116,(anonymous_11)
FN:137,(anonymous_12)
FN:139,(anonymous_13)
FN:140,(anonymous_14)
FN:149,(anonymous_15)
FN:151,(anonymous_16)
FN:152,(anonymous_17)
FN:179,(anonymous_18)
FN:180,(anonymous_19)
FN:182,(anonymous_20)
FN:221,(anonymous_21)
FN:227,(anonymous_22)
FN:243,(anonymous_23)
FN:249,(anonymous_24)
FNF:25
FNH:0
FNDA:0,(anonymous_0)
FNDA:0,(anonymous_1)
FNDA:0,(anonymous_2)
FNDA:0,(anonymous_3)
FNDA:0,(anonymous_4)
FNDA:0,(anonymous_5)
FNDA:0,(anonymous_6)
FNDA:0,(anonymous_7)
FNDA:0,(anonymous_8)
FNDA:0,(anonymous_9)
FNDA:0,(anonymous_10)
FNDA:0,(anonymous_11)
FNDA:0,(anonymous_12)
FNDA:0,(anonymous_13)
FNDA:0,(anonymous_14)
FNDA:0,(anonymous_15)
FNDA:0,(anonymous_16)
FNDA:0,(anonymous_17)
FNDA:0,(anonymous_18)
FNDA:0,(anonymous_19)
FNDA:0,(anonymous_20)
FNDA:0,(anonymous_21)
FNDA:0,(anonymous_22)
FNDA:0,(anonymous_23)
FNDA:0,(anonymous_24)
DA:52,0
DA:53,0
DA:54,0
DA:55,0
DA:57,0
DA:59,0
DA:60,0
DA:61,0
DA:62,0
DA:63,0
DA:64,0
DA:68,0
DA:69,0
DA:70,0
DA:74,0
DA:75,0
DA:83,0
DA:87,0
DA:88,0
DA:91,0
DA:92,0
DA:95,0
DA:96,0
DA:99,0
DA:101,0
DA:102,0
DA:105,0
DA:106,0
DA:112,0
DA:113,0
DA:116,0
DA:117,0
DA:118,0
DA:120,0
DA:121,0
DA:123,0
DA:128,0
DA:130,0
DA:137,0
DA:138,0
DA:139,0
DA:141,0
DA:149,0
DA:150,0
DA:151,0
DA:153,0
DA:161,0
DA:179,0
DA:181,0
DA:182,0
DA:222,0
DA:227,0
DA:244,0
DA:249,0
LF:54
LH:0
BRDA:101,0,0,0
BRDA:101,0,1,0
BRDA:105,1,0,0
BRDA:105,1,1,0
BRDA:203,2,0,0
BRDA:203,2,1,0
BRF:6
BRH:0
end_of_record
TN:
SF:src\pages\Dashboard\index.tsx
FN:17,(anonymous_0)
FN:23,(anonymous_1)
FN:24,(anonymous_2)
FN:29,(anonymous_3)
FN:34,(anonymous_4)
FN:47,(anonymous_5)
FN:54,(anonymous_6)
FN:58,(anonymous_7)
FN:60,(anonymous_8)
FNF:9
FNH:0
FNDA:0,(anonymous_0)
FNDA:0,(anonymous_1)
FNDA:0,(anonymous_2)
FNDA:0,(anonymous_3)
FNDA:0,(anonymous_4)
FNDA:0,(anonymous_5)
FNDA:0,(anonymous_6)
FNDA:0,(anonymous_7)
FNDA:0,(anonymous_8)
DA:17,0
DA:18,0
DA:20,0
DA:21,0
DA:23,0
DA:24,0
DA:25,0
DA:29,0
DA:30,0
DA:33,0
DA:35,0
DA:39,0
DA:47,0
DA:54,0
DA:59,0
DA:60,0
LF:16
LH:0
BRF:0
BRH:0
end_of_record
TN:
SF:src\pages\Profile\index.tsx
FN:43,(anonymous_0)
FN:55,(anonymous_1)
FN:66,(anonymous_2)
FN:72,(anonymous_3)
FN:126,(anonymous_4)
FN:134,(anonymous_5)
FN:152,(anonymous_6)
FN:159,(anonymous_7)
FN:194,(anonymous_8)
FN:207,(anonymous_9)
FN:221,(anonymous_10)
FN:234,(anonymous_11)
FN:247,(anonymous_12)
FN:250,(anonymous_13)
FNF:14
FNH:0
FNDA:0,(anonymous_0)
FNDA:0,(anonymous_1)
FNDA:0,(anonymous_2)
FNDA:0,(anonymous_3)
FNDA:0,(anonymous_4)
FNDA:0,(anonymous_5)
FNDA:0,(anonymous_6)
FNDA:0,(anonymous_7)
FNDA:0,(anonymous_8)
FNDA:0,(anonymous_9)
FNDA:0,(anonymous_10)
FNDA:0,(anonymous_11)
FNDA:0,(anonymous_12)
FNDA:0,(anonymous_13)
DA:43,0
DA:44,0
DA:46,0
DA:47,0
DA:49,0
DA:50,0
DA:51,0
DA:52,0
DA:54,0
DA:56,0
DA:57,0
DA:59,0
DA:66,0
DA:72,0
DA:79,0
DA:89,0
DA:91,0
DA:103,0
DA:105,0
DA:107,0
DA:109,0
DA:111,0
DA:112,0
DA:114,0
DA:116,0
DA:119,0
DA:126,0
DA:127,0
DA:135,0
DA:136,0
DA:139,0
DA:140,0
DA:141,0
DA:144,0
DA:146,0
DA:152,0
DA:153,0
DA:159,0
DA:160,0
DA:163,0
DA:195,0
DA:208,0
DA:222,0
DA:235,0
DA:247,0
DA:250,0
LF:46
LH:0
BRDA:94,0,0,0
BRDA:94,0,1,0
BRDA:111,1,0,0
BRDA:111,1,1,0
BRDA:135,2,0,0
BRDA:135,2,1,0
BRDA:139,3,0,0
BRDA:139,3,1,0
BRDA:167,4,0,0
BRDA:167,4,1,0
BRF:10
BRH:0
end_of_record
TN:
SF:src\pages\SignIn\index.tsx
FN:41,(anonymous_0)
FN:50,(anonymous_1)
FN:116,(anonymous_2)
FN:128,(anonymous_3)
FN:134,(anonymous_4)
FN:142,(anonymous_5)
FN:149,(anonymous_6)
FNF:7
FNH:0
FNDA:0,(anonymous_0)
FNDA:0,(anonymous_1)
FNDA:0,(anonymous_2)
FNDA:0,(anonymous_3)
FNDA:0,(anonymous_4)
FNDA:0,(anonymous_5)
FNDA:0,(anonymous_6)
DA:41,0
DA:42,0
DA:43,0
DA:45,0
DA:47,0
DA:49,0
DA:51,0
DA:52,0
DA:54,0
DA:61,0
DA:65,0
DA:70,0
DA:71,0
DA:73,0
DA:75,0
DA:77,0
DA:80,0
DA:89,0
DA:117,0
DA:129,0
DA:135,0
DA:149,0
LF:22
LH:0
BRDA:70,0,0,0
BRDA:70,0,1,0
BRDA:93,1,0,0
BRDA:93,1,1,0
BRF:4
BRH:0
end_of_record
TN:
SF:src\pages\SignUp\index.tsx
FN:39,(anonymous_0)
FN:47,(anonymous_1)
FN:111,(anonymous_2)
FN:124,(anonymous_3)
FN:137,(anonymous_4)
FN:140,(anonymous_5)
FN:148,(anonymous_6)
FNF:7
FNH:0
FNDA:0,(anonymous_0)
FNDA:0,(anonymous_1)
FNDA:0,(anonymous_2)
FNDA:0,(anonymous_3)
FNDA:0,(anonymous_4)
FNDA:0,(anonymous_5)
FNDA:0,(anonymous_6)
DA:39,0
DA:40,0
DA:41,0
DA:43,0
DA:44,0
DA:46,0
DA:48,0
DA:49,0
DA:51,0
DA:59,0
DA:63,0
DA:65,0
DA:69,0
DA:71,0
DA:72,0
DA:74,0
DA:76,0
DA:79,0
DA:86,0
DA:112,0
DA:125,0
DA:137,0
DA:140,0
DA:148,0
LF:24
LH:0
BRDA:71,0,0,0
BRDA:71,0,1,0
BRDA:90,1,0,0
BRDA:90,1,1,0
BRF:4
BRH:0
end_of_record
